INFO - 2024-01-04 05:00:01 --> Session: Class initialized using 'CodeIgniter\Session\Handlers\FileHandler' driver.
INFO - 2024-01-04 05:00:02 --> Session: Class initialized using 'CodeIgniter\Session\Handlers\FileHandler' driver.
INFO - 2024-01-04 05:00:03 --> Session: Class initialized using 'CodeIgniter\Session\Handlers\FileHandler' driver.
INFO - 2024-01-04 05:00:03 --> Session: Class initialized using 'CodeIgniter\Session\Handlers\FileHandler' driver.
INFO - 2024-01-04 05:19:16 --> Session: Class initialized using 'CodeIgniter\Session\Handlers\FileHandler' driver.
INFO - 2024-01-04 05:19:22 --> Session: Class initialized using 'CodeIgniter\Session\Handlers\FileHandler' driver.
INFO - 2024-01-04 05:23:23 --> Session: Class initialized using 'CodeIgniter\Session\Handlers\FileHandler' driver.
INFO - 2024-01-04 05:23:23 --> Session: Class initialized using 'CodeIgniter\Session\Handlers\FileHandler' driver.
INFO - 2024-01-04 05:26:13 --> Session: Class initialized using 'CodeIgniter\Session\Handlers\FileHandler' driver.
CRITICAL - 2024-01-04 05:29:14 --> Error: Class "Config\AuthFilter" not found
in SYSTEMPATH\Filters\Filters.php on line 175.
 1 SYSTEMPATH\CodeIgniter.php(474): CodeIgniter\Filters\Filters->run('api/test', 'before')
 2 SYSTEMPATH\CodeIgniter.php(361): CodeIgniter\CodeIgniter->handleRequest(null, Object(Config\Cache), false)
 3 FCPATH\index.php(79): CodeIgniter\CodeIgniter->run()
INFO - 2024-01-04 05:35:33 --> Session: Class initialized using 'CodeIgniter\Session\Handlers\FileHandler' driver.
INFO - 2024-01-04 05:35:46 --> Session: Class initialized using 'CodeIgniter\Session\Handlers\FileHandler' driver.
INFO - 2024-01-04 05:35:51 --> Session: Class initialized using 'CodeIgniter\Session\Handlers\FileHandler' driver.
INFO - 2024-01-04 05:37:57 --> Session: Class initialized using 'CodeIgniter\Session\Handlers\FileHandler' driver.
INFO - 2024-01-04 05:38:25 --> Session: Class initialized using 'CodeIgniter\Session\Handlers\FileHandler' driver.
INFO - 2024-01-04 09:40:18 --> Session: Class initialized using 'CodeIgniter\Session\Handlers\FileHandler' driver.
INFO - 2024-01-04 09:40:56 --> Session: Class initialized using 'CodeIgniter\Session\Handlers\FileHandler' driver.
INFO - 2024-01-04 09:43:49 --> Session: Class initialized using 'CodeIgniter\Session\Handlers\FileHandler' driver.
INFO - 2024-01-04 09:45:51 --> Session: Class initialized using 'CodeIgniter\Session\Handlers\FileHandler' driver.
INFO - 2024-01-04 09:46:04 --> Session: Class initialized using 'CodeIgniter\Session\Handlers\FileHandler' driver.
INFO - 2024-01-04 09:46:54 --> Session: Class initialized using 'CodeIgniter\Session\Handlers\FileHandler' driver.
ERROR - 2024-01-04 18:46:50 --> mysqli_sql_exception: You have an error in your SQL syntax; check the manual that corresponds to your MySQL server version for the right syntax to use near 'NOT NULL,
	`created_at` TIMESTAMP NOT NULL,
	updated_at TIMESTAMP DEFAULT CURREN' at line 8 in C:\laragon\www\ci4-fic11\system\Database\MySQLi\Connection.php:306
Stack trace:
#0 C:\laragon\www\ci4-fic11\system\Database\MySQLi\Connection.php(306): mysqli->query('CREATE TABLE `t...', 0)
#1 C:\laragon\www\ci4-fic11\system\Database\BaseConnection.php(693): CodeIgniter\Database\MySQLi\Connection->execute('CREATE TABLE `t...')
#2 C:\laragon\www\ci4-fic11\system\Database\BaseConnection.php(607): CodeIgniter\Database\BaseConnection->simpleQuery('CREATE TABLE `t...')
#3 C:\laragon\www\ci4-fic11\system\Database\Forge.php(546): CodeIgniter\Database\BaseConnection->query('CREATE TABLE `t...')
#4 C:\laragon\www\ci4-fic11\app\Database\Migrations\2024-01-04-133823_CreateTblProduct.php(56): CodeIgniter\Database\Forge->createTable('tbl_product')
#5 C:\laragon\www\ci4-fic11\system\Database\MigrationRunner.php(865): App\Database\Migrations\CreateTblProduct->up()
#6 C:\laragon\www\ci4-fic11\system\Database\MigrationRunner.php(181): CodeIgniter\Database\MigrationRunner->migrate('up', Object(stdClass))
#7 C:\laragon\www\ci4-fic11\system\Commands\Database\Migrate.php(84): CodeIgniter\Database\MigrationRunner->latest(NULL)
#8 C:\laragon\www\ci4-fic11\system\CLI\Commands.php(65): CodeIgniter\Commands\Database\Migrate->run(Array)
#9 C:\laragon\www\ci4-fic11\system\CLI\Console.php(46): CodeIgniter\CLI\Commands->run('migrate', Array)
#10 C:\laragon\www\ci4-fic11\spark(102): CodeIgniter\CLI\Console->run()
#11 {main}
ERROR - 2024-01-04 18:50:23 --> mysqli_sql_exception: You have an error in your SQL syntax; check the manual that corresponds to your MySQL server version for the right syntax to use near 'NULL,
	`created_at` TIMESTAMP NULL,
	updated_at TIMESTAMP NOT NULL DEFAULT CURRE' at line 8 in C:\laragon\www\ci4-fic11\system\Database\MySQLi\Connection.php:306
Stack trace:
#0 C:\laragon\www\ci4-fic11\system\Database\MySQLi\Connection.php(306): mysqli->query('CREATE TABLE `t...', 0)
#1 C:\laragon\www\ci4-fic11\system\Database\BaseConnection.php(693): CodeIgniter\Database\MySQLi\Connection->execute('CREATE TABLE `t...')
#2 C:\laragon\www\ci4-fic11\system\Database\BaseConnection.php(607): CodeIgniter\Database\BaseConnection->simpleQuery('CREATE TABLE `t...')
#3 C:\laragon\www\ci4-fic11\system\Database\Forge.php(546): CodeIgniter\Database\BaseConnection->query('CREATE TABLE `t...')
#4 C:\laragon\www\ci4-fic11\app\Database\Migrations\2024-01-04-133823_CreateTblProduct.php(58): CodeIgniter\Database\Forge->createTable('tbl_product')
#5 C:\laragon\www\ci4-fic11\system\Database\MigrationRunner.php(865): App\Database\Migrations\CreateTblProduct->up()
#6 C:\laragon\www\ci4-fic11\system\Database\MigrationRunner.php(181): CodeIgniter\Database\MigrationRunner->migrate('up', Object(stdClass))
#7 C:\laragon\www\ci4-fic11\system\Commands\Database\Migrate.php(84): CodeIgniter\Database\MigrationRunner->latest(NULL)
#8 C:\laragon\www\ci4-fic11\system\CLI\Commands.php(65): CodeIgniter\Commands\Database\Migrate->run(Array)
#9 C:\laragon\www\ci4-fic11\system\CLI\Console.php(46): CodeIgniter\CLI\Commands->run('migrate', Array)
#10 C:\laragon\www\ci4-fic11\spark(102): CodeIgniter\CLI\Console->run()
#11 {main}
ERROR - 2024-01-04 18:51:05 --> mysqli_sql_exception: You have an error in your SQL syntax; check the manual that corresponds to your MySQL server version for the right syntax to use near 'NULL,
	`created_at` TIMESTAMP NOT NULL,
	updated_at TIMESTAMP NOT NULL DEFAULT C' at line 8 in C:\laragon\www\ci4-fic11\system\Database\MySQLi\Connection.php:306
Stack trace:
#0 C:\laragon\www\ci4-fic11\system\Database\MySQLi\Connection.php(306): mysqli->query('CREATE TABLE `t...', 0)
#1 C:\laragon\www\ci4-fic11\system\Database\BaseConnection.php(693): CodeIgniter\Database\MySQLi\Connection->execute('CREATE TABLE `t...')
#2 C:\laragon\www\ci4-fic11\system\Database\BaseConnection.php(607): CodeIgniter\Database\BaseConnection->simpleQuery('CREATE TABLE `t...')
#3 C:\laragon\www\ci4-fic11\system\Database\Forge.php(546): CodeIgniter\Database\BaseConnection->query('CREATE TABLE `t...')
#4 C:\laragon\www\ci4-fic11\app\Database\Migrations\2024-01-04-133823_CreateTblProduct.php(57): CodeIgniter\Database\Forge->createTable('tbl_product')
#5 C:\laragon\www\ci4-fic11\system\Database\MigrationRunner.php(865): App\Database\Migrations\CreateTblProduct->up()
#6 C:\laragon\www\ci4-fic11\system\Database\MigrationRunner.php(181): CodeIgniter\Database\MigrationRunner->migrate('up', Object(stdClass))
#7 C:\laragon\www\ci4-fic11\system\Commands\Database\Migrate.php(84): CodeIgniter\Database\MigrationRunner->latest(NULL)
#8 C:\laragon\www\ci4-fic11\system\CLI\Commands.php(65): CodeIgniter\Commands\Database\Migrate->run(Array)
#9 C:\laragon\www\ci4-fic11\system\CLI\Console.php(46): CodeIgniter\CLI\Commands->run('migrate', Array)
#10 C:\laragon\www\ci4-fic11\spark(102): CodeIgniter\CLI\Console->run()
#11 {main}
ERROR - 2024-01-04 18:52:55 --> mysqli_sql_exception: You have an error in your SQL syntax; check the manual that corresponds to your MySQL server version for the right syntax to use near 'NULL,
	`created_at` TIMESTAMP NOT NULL,
	updated_at TIMESTAMP NOT NULL DEFAULT C' at line 8 in C:\laragon\www\ci4-fic11\system\Database\MySQLi\Connection.php:306
Stack trace:
#0 C:\laragon\www\ci4-fic11\system\Database\MySQLi\Connection.php(306): mysqli->query('CREATE TABLE `t...', 0)
#1 C:\laragon\www\ci4-fic11\system\Database\BaseConnection.php(693): CodeIgniter\Database\MySQLi\Connection->execute('CREATE TABLE `t...')
#2 C:\laragon\www\ci4-fic11\system\Database\BaseConnection.php(607): CodeIgniter\Database\BaseConnection->simpleQuery('CREATE TABLE `t...')
#3 C:\laragon\www\ci4-fic11\system\Database\Forge.php(546): CodeIgniter\Database\BaseConnection->query('CREATE TABLE `t...')
#4 C:\laragon\www\ci4-fic11\app\Database\Migrations\2024-01-04-133823_CreateTblProduct.php(57): CodeIgniter\Database\Forge->createTable('tbl_product')
#5 C:\laragon\www\ci4-fic11\system\Database\MigrationRunner.php(865): App\Database\Migrations\CreateTblProduct->up()
#6 C:\laragon\www\ci4-fic11\system\Database\MigrationRunner.php(181): CodeIgniter\Database\MigrationRunner->migrate('up', Object(stdClass))
#7 C:\laragon\www\ci4-fic11\system\Commands\Database\Migrate.php(84): CodeIgniter\Database\MigrationRunner->latest(NULL)
#8 C:\laragon\www\ci4-fic11\system\CLI\Commands.php(65): CodeIgniter\Commands\Database\Migrate->run(Array)
#9 C:\laragon\www\ci4-fic11\system\CLI\Console.php(46): CodeIgniter\CLI\Commands->run('migrate', Array)
#10 C:\laragon\www\ci4-fic11\spark(102): CodeIgniter\CLI\Console->run()
#11 {main}
ERROR - 2024-01-04 19:00:34 --> mysqli_sql_exception: You have an error in your SQL syntax; check the manual that corresponds to your MySQL server version for the right syntax to use near 'NULL,
	created_at TIMESTAMP DEFAULT CURRENT_TIMESTAMP NOT NULL,
	updated_at TIME' at line 8 in C:\laragon\www\ci4-fic11\system\Database\MySQLi\Connection.php:306
Stack trace:
#0 C:\laragon\www\ci4-fic11\system\Database\MySQLi\Connection.php(306): mysqli->query('CREATE TABLE `t...', 0)
#1 C:\laragon\www\ci4-fic11\system\Database\BaseConnection.php(693): CodeIgniter\Database\MySQLi\Connection->execute('CREATE TABLE `t...')
#2 C:\laragon\www\ci4-fic11\system\Database\BaseConnection.php(607): CodeIgniter\Database\BaseConnection->simpleQuery('CREATE TABLE `t...')
#3 C:\laragon\www\ci4-fic11\system\Database\Forge.php(546): CodeIgniter\Database\BaseConnection->query('CREATE TABLE `t...')
#4 C:\laragon\www\ci4-fic11\app\Database\Migrations\2024-01-04-133823_CreateTblProduct.php(55): CodeIgniter\Database\Forge->createTable('tbl_product')
#5 C:\laragon\www\ci4-fic11\system\Database\MigrationRunner.php(865): App\Database\Migrations\CreateTblProduct->up()
#6 C:\laragon\www\ci4-fic11\system\Database\MigrationRunner.php(181): CodeIgniter\Database\MigrationRunner->migrate('up', Object(stdClass))
#7 C:\laragon\www\ci4-fic11\system\Commands\Database\Migrate.php(84): CodeIgniter\Database\MigrationRunner->latest(NULL)
#8 C:\laragon\www\ci4-fic11\system\CLI\Commands.php(65): CodeIgniter\Commands\Database\Migrate->run(Array)
#9 C:\laragon\www\ci4-fic11\system\CLI\Console.php(46): CodeIgniter\CLI\Commands->run('migrate', Array)
#10 C:\laragon\www\ci4-fic11\spark(102): CodeIgniter\CLI\Console->run()
#11 {main}
ERROR - 2024-01-04 19:02:52 --> mysqli_sql_exception: You have an error in your SQL syntax; check the manual that corresponds to your MySQL server version for the right syntax to use near 'NULL,
	CONSTRAINT `pk_tbl_product` PRIMARY KEY(`id`)
) DEFAULT CHARACTER SET = u' at line 8 in C:\laragon\www\ci4-fic11\system\Database\MySQLi\Connection.php:306
Stack trace:
#0 C:\laragon\www\ci4-fic11\system\Database\MySQLi\Connection.php(306): mysqli->query('CREATE TABLE `t...', 0)
#1 C:\laragon\www\ci4-fic11\system\Database\BaseConnection.php(693): CodeIgniter\Database\MySQLi\Connection->execute('CREATE TABLE `t...')
#2 C:\laragon\www\ci4-fic11\system\Database\BaseConnection.php(607): CodeIgniter\Database\BaseConnection->simpleQuery('CREATE TABLE `t...')
#3 C:\laragon\www\ci4-fic11\system\Database\Forge.php(546): CodeIgniter\Database\BaseConnection->query('CREATE TABLE `t...')
#4 C:\laragon\www\ci4-fic11\app\Database\Migrations\2024-01-04-133823_CreateTblProduct.php(55): CodeIgniter\Database\Forge->createTable('tbl_product')
#5 C:\laragon\www\ci4-fic11\system\Database\MigrationRunner.php(865): App\Database\Migrations\CreateTblProduct->up()
#6 C:\laragon\www\ci4-fic11\system\Database\MigrationRunner.php(181): CodeIgniter\Database\MigrationRunner->migrate('up', Object(stdClass))
#7 C:\laragon\www\ci4-fic11\system\Commands\Database\Migrate.php(84): CodeIgniter\Database\MigrationRunner->latest(NULL)
#8 C:\laragon\www\ci4-fic11\system\CLI\Commands.php(65): CodeIgniter\Commands\Database\Migrate->run(Array)
#9 C:\laragon\www\ci4-fic11\system\CLI\Console.php(46): CodeIgniter\CLI\Commands->run('migrate', Array)
#10 C:\laragon\www\ci4-fic11\spark(102): CodeIgniter\CLI\Console->run()
#11 {main}
ERROR - 2024-01-04 19:10:32 --> mysqli_sql_exception: You have an error in your SQL syntax; check the manual that corresponds to your MySQL server version for the right syntax to use near 'NULL,
	CONSTRAINT `pk_tbl_product` PRIMARY KEY(`id`)
) DEFAULT CHARACTER SET = u' at line 8 in C:\laragon\www\ci4-fic11\system\Database\MySQLi\Connection.php:306
Stack trace:
#0 C:\laragon\www\ci4-fic11\system\Database\MySQLi\Connection.php(306): mysqli->query('CREATE TABLE `t...', 0)
#1 C:\laragon\www\ci4-fic11\system\Database\BaseConnection.php(693): CodeIgniter\Database\MySQLi\Connection->execute('CREATE TABLE `t...')
#2 C:\laragon\www\ci4-fic11\system\Database\BaseConnection.php(607): CodeIgniter\Database\BaseConnection->simpleQuery('CREATE TABLE `t...')
#3 C:\laragon\www\ci4-fic11\system\Database\Forge.php(546): CodeIgniter\Database\BaseConnection->query('CREATE TABLE `t...')
#4 C:\laragon\www\ci4-fic11\app\Database\Migrations\2024-01-04-133823_CreateTblProduct.php(55): CodeIgniter\Database\Forge->createTable('tbl_product')
#5 C:\laragon\www\ci4-fic11\system\Database\MigrationRunner.php(865): App\Database\Migrations\CreateTblProduct->up()
#6 C:\laragon\www\ci4-fic11\system\Database\MigrationRunner.php(181): CodeIgniter\Database\MigrationRunner->migrate('up', Object(stdClass))
#7 C:\laragon\www\ci4-fic11\system\Commands\Database\Migrate.php(84): CodeIgniter\Database\MigrationRunner->latest(NULL)
#8 C:\laragon\www\ci4-fic11\system\CLI\Commands.php(65): CodeIgniter\Commands\Database\Migrate->run(Array)
#9 C:\laragon\www\ci4-fic11\system\CLI\Console.php(46): CodeIgniter\CLI\Commands->run('migrate', Array)
#10 C:\laragon\www\ci4-fic11\spark(102): CodeIgniter\CLI\Console->run()
#11 {main}
ERROR - 2024-01-04 19:20:16 --> mysqli_sql_exception: You have an error in your SQL syntax; check the manual that corresponds to your MySQL server version for the right syntax to use near 'NULL,
	created_at TIMESTAMP DEFAULT CURRENT_TIMESTAMP NOT NULL,
	updated_at TIME' at line 8 in C:\laragon\www\ci4-fic11\system\Database\MySQLi\Connection.php:306
Stack trace:
#0 C:\laragon\www\ci4-fic11\system\Database\MySQLi\Connection.php(306): mysqli->query('CREATE TABLE `t...', 0)
#1 C:\laragon\www\ci4-fic11\system\Database\BaseConnection.php(693): CodeIgniter\Database\MySQLi\Connection->execute('CREATE TABLE `t...')
#2 C:\laragon\www\ci4-fic11\system\Database\BaseConnection.php(607): CodeIgniter\Database\BaseConnection->simpleQuery('CREATE TABLE `t...')
#3 C:\laragon\www\ci4-fic11\system\Database\Forge.php(546): CodeIgniter\Database\BaseConnection->query('CREATE TABLE `t...')
#4 C:\laragon\www\ci4-fic11\app\Database\Migrations\2024-01-04-133823_CreateTblProduct.php(48): CodeIgniter\Database\Forge->createTable('tbl_product')
#5 C:\laragon\www\ci4-fic11\system\Database\MigrationRunner.php(865): App\Database\Migrations\CreateTblProduct->up()
#6 C:\laragon\www\ci4-fic11\system\Database\MigrationRunner.php(181): CodeIgniter\Database\MigrationRunner->migrate('up', Object(stdClass))
#7 C:\laragon\www\ci4-fic11\system\Commands\Database\Migrate.php(84): CodeIgniter\Database\MigrationRunner->latest(NULL)
#8 C:\laragon\www\ci4-fic11\system\CLI\Commands.php(65): CodeIgniter\Commands\Database\Migrate->run(Array)
#9 C:\laragon\www\ci4-fic11\system\CLI\Console.php(46): CodeIgniter\CLI\Commands->run('migrate', Array)
#10 C:\laragon\www\ci4-fic11\spark(102): CodeIgniter\CLI\Console->run()
#11 {main}
ERROR - 2024-01-04 23:28:16 --> mysqli_sql_exception: Cannot add foreign key constraint in C:\laragon\www\ci4-fic11\system\Database\MySQLi\Connection.php:306
Stack trace:
#0 C:\laragon\www\ci4-fic11\system\Database\MySQLi\Connection.php(306): mysqli->query('CREATE TABLE `t...', 0)
#1 C:\laragon\www\ci4-fic11\system\Database\BaseConnection.php(693): CodeIgniter\Database\MySQLi\Connection->execute('CREATE TABLE `t...')
#2 C:\laragon\www\ci4-fic11\system\Database\BaseConnection.php(607): CodeIgniter\Database\BaseConnection->simpleQuery('CREATE TABLE `t...')
#3 C:\laragon\www\ci4-fic11\system\Database\Forge.php(546): CodeIgniter\Database\BaseConnection->query('CREATE TABLE `t...')
#4 C:\laragon\www\ci4-fic11\app\Database\Migrations\2024-01-04-190831_CreateTblOrder.php(49): CodeIgniter\Database\Forge->createTable('tbl_order')
#5 C:\laragon\www\ci4-fic11\system\Database\MigrationRunner.php(865): App\Database\Migrations\CreateTblOrder->up()
#6 C:\laragon\www\ci4-fic11\system\Database\MigrationRunner.php(181): CodeIgniter\Database\MigrationRunner->migrate('up', Object(stdClass))
#7 C:\laragon\www\ci4-fic11\system\Commands\Database\Migrate.php(84): CodeIgniter\Database\MigrationRunner->latest(NULL)
#8 C:\laragon\www\ci4-fic11\system\CLI\Commands.php(65): CodeIgniter\Commands\Database\Migrate->run(Array)
#9 C:\laragon\www\ci4-fic11\system\CLI\Console.php(46): CodeIgniter\CLI\Commands->run('migrate', Array)
#10 C:\laragon\www\ci4-fic11\spark(102): CodeIgniter\CLI\Console->run()
#11 {main}
ERROR - 2024-01-04 23:37:39 --> mysqli_sql_exception: Invalid default value for 'order_date' in C:\laragon\www\ci4-fic11\system\Database\MySQLi\Connection.php:306
Stack trace:
#0 C:\laragon\www\ci4-fic11\system\Database\MySQLi\Connection.php(306): mysqli->query('CREATE TABLE `t...', 0)
#1 C:\laragon\www\ci4-fic11\system\Database\BaseConnection.php(693): CodeIgniter\Database\MySQLi\Connection->execute('CREATE TABLE `t...')
#2 C:\laragon\www\ci4-fic11\system\Database\BaseConnection.php(607): CodeIgniter\Database\BaseConnection->simpleQuery('CREATE TABLE `t...')
#3 C:\laragon\www\ci4-fic11\system\Database\Forge.php(546): CodeIgniter\Database\BaseConnection->query('CREATE TABLE `t...')
#4 C:\laragon\www\ci4-fic11\app\Database\Migrations\2024-01-04-190831_CreateTblOrder.php(44): CodeIgniter\Database\Forge->createTable('tbl_order')
#5 C:\laragon\www\ci4-fic11\system\Database\MigrationRunner.php(865): App\Database\Migrations\CreateTblOrder->up()
#6 C:\laragon\www\ci4-fic11\system\Database\MigrationRunner.php(181): CodeIgniter\Database\MigrationRunner->migrate('up', Object(stdClass))
#7 C:\laragon\www\ci4-fic11\system\Commands\Database\Migrate.php(84): CodeIgniter\Database\MigrationRunner->latest(NULL)
#8 C:\laragon\www\ci4-fic11\system\CLI\Commands.php(65): CodeIgniter\Commands\Database\Migrate->run(Array)
#9 C:\laragon\www\ci4-fic11\system\CLI\Console.php(46): CodeIgniter\CLI\Commands->run('migrate', Array)
#10 C:\laragon\www\ci4-fic11\spark(102): CodeIgniter\CLI\Console->run()
#11 {main}
